# JRE version: OpenJDK Runtime Environment Temurin-17.0.10+7 (17.0.10+7) (build 17.0.10+7)
# Java VM: OpenJDK 64-Bit Server VM Temurin-17.0.10+7 (17.0.10+7, mixed mode, tiered, compressed oops, compressed class ptrs, parallel gc, windows-amd64)
GC Precious Log:
 CPUs: 16 total, 16 available
 Memory: 16002M
 Large Page Support: Disabled
 NUMA Support: Disabled
 Compressed Oops: Enabled (32-bit)
 Alignments: Space 512K, Generation 512K, Heap 2M
 Heap Min Capacity: 100M
 Heap Initial Capacity: 100M
 Heap Max Capacity: 1G
 Pre-touch: Disabled
 Parallel Workers: 13
Heap:
 PSYoungGen      total 11776K, used 9216K [0x00000000eab00000, 0x00000000eba00000, 0x0000000100000000)
  eden space 9216K, 100% used [0x00000000eab00000,0x00000000eb400000,0x00000000eb400000)
  from space 2560K, 0% used [0x00000000eb680000,0x00000000eb680000,0x00000000eb900000)
  to   space 2560K, 0% used [0x00000000eb400000,0x00000000eb400000,0x00000000eb680000)
 ParOldGen       total 119808K, used 119727K [0x00000000c0000000, 0x00000000c7500000, 0x00000000eab00000)
  object space 119808K, 99% used [0x00000000c0000000,0x00000000c74ebe30,0x00000000c7500000)
 Metaspace       used 57024K, committed 57984K, reserved 1114112K
  class space    used 6233K, committed 6656K, reserved 1048576K
GC Heap History (20 events):
Event: 23.687 GC heap before
{Heap before GC invocations=57 (full 4):
 PSYoungGen      total 11776K, used 11554K [0x00000000eab00000, 0x00000000eb900000, 0x0000000100000000)
  eden space 9216K, 100% used [0x00000000eab00000,0x00000000eb400000,0x00000000eb400000)
  from space 2560K, 91% used [0x00000000eb680000,0x00000000eb8c8ab8,0x00000000eb900000)
  to   space 2560K, 0% used [0x00000000eb400000,0x00000000eb400000,0x00000000eb680000)
 ParOldGen       total 119808K, used 102832K [0x00000000c0000000, 0x00000000c7500000, 0x00000000eab00000)
  object space 119808K, 85% used [0x00000000c0000000,0x00000000c646c168,0x00000000c7500000)
 Metaspace       used 57024K, committed 57984K, reserved 1114112K
  class space    used 6233K, committed 6656K, reserved 1048576K
}
Event: 23.690 GC heap after
{Heap after GC invocations=57 (full 4):
 PSYoungGen      total 11776K, used 2317K [0x00000000eab00000, 0x00000000eb900000, 0x0000000100000000)
  eden space 9216K, 0% used [0x00000000eab00000,0x00000000eab00000,0x00000000eb400000)
  from space 2560K, 90% used [0x00000000eb400000,0x00000000eb6437c0,0x00000000eb680000)
  to   space 2560K, 0% used [0x00000000eb680000,0x00000000eb680000,0x00000000eb900000)
 ParOldGen       total 119808K, used 104948K [0x00000000c0000000, 0x00000000c7500000, 0x00000000eab00000)
  object space 119808K, 87% used [0x00000000c0000000,0x00000000c667d1b8,0x00000000c7500000)
 Metaspace       used 57024K, committed 57984K, reserved 1114112K
  class space    used 6233K, committed 6656K, reserved 1048576K
}
Event: 23.721 GC heap before
{Heap before GC invocations=58 (full 4):
 PSYoungGen      total 11776K, used 11533K [0x00000000eab00000, 0x00000000eb900000, 0x0000000100000000)
  eden space 9216K, 100% used [0x00000000eab00000,0x00000000eb400000,0x00000000eb400000)
  from space 2560K, 90% used [0x00000000eb400000,0x00000000eb6437c0,0x00000000eb680000)
  to   space 2560K, 0% used [0x00000000eb680000,0x00000000eb680000,0x00000000eb900000)
 ParOldGen       total 119808K, used 104948K [0x00000000c0000000, 0x00000000c7500000, 0x00000000eab00000)
  object space 119808K, 87% used [0x00000000c0000000,0x00000000c667d1b8,0x00000000c7500000)
 Metaspace       used 57024K, committed 57984K, reserved 1114112K
  class space    used 6233K, committed 6656K, reserved 1048576K
}
Event: 23.724 GC heap after
{Heap after GC invocations=58 (full 4):
 PSYoungGen      total 11776K, used 2433K [0x00000000eab00000, 0x00000000eb900000, 0x0000000100000000)
  eden space 9216K, 0% used [0x00000000eab00000,0x00000000eab00000,0x00000000eb400000)
  from space 2560K, 95% used [0x00000000eb680000,0x00000000eb8e0720,0x00000000eb900000)
  to   space 2560K, 0% used [0x00000000eb400000,0x00000000eb400000,0x00000000eb680000)
 ParOldGen       total 119808K, used 107091K [0x00000000c0000000, 0x00000000c7500000, 0x00000000eab00000)
  object space 119808K, 89% used [0x00000000c0000000,0x00000000c6894da8,0x00000000c7500000)
 Metaspace       used 57024K, committed 57984K, reserved 1114112K
  class space    used 6233K, committed 6656K, reserved 1048576K
}
Event: 23.748 GC heap before
{Heap before GC invocations=59 (full 4):
 PSYoungGen      total 11776K, used 11649K [0x00000000eab00000, 0x00000000eb900000, 0x0000000100000000)
  eden space 9216K, 100% used [0x00000000eab00000,0x00000000eb400000,0x00000000eb400000)
  from space 2560K, 95% used [0x00000000eb680000,0x00000000eb8e0720,0x00000000eb900000)
  to   space 2560K, 0% used [0x00000000eb400000,0x00000000eb400000,0x00000000eb680000)
 ParOldGen       total 119808K, used 107091K [0x00000000c0000000, 0x00000000c7500000, 0x00000000eab00000)
  object space 119808K, 89% used [0x00000000c0000000,0x00000000c6894da8,0x00000000c7500000)
 Metaspace       used 57024K, committed 57984K, reserved 1114112K
  class space    used 6233K, committed 6656K, reserved 1048576K
}
Event: 23.751 GC heap after
{Heap after GC invocations=59 (full 4):
 PSYoungGen      total 11776K, used 2213K [0x00000000eab00000, 0x00000000eb900000, 0x0000000100000000)
  eden space 9216K, 0% used [0x00000000eab00000,0x00000000eab00000,0x00000000eb400000)
  from space 2560K, 86% used [0x00000000eb400000,0x00000000eb629688,0x00000000eb680000)
  to   space 2560K, 0% used [0x00000000eb680000,0x00000000eb680000,0x00000000eb900000)
 ParOldGen       total 119808K, used 109336K [0x00000000c0000000, 0x00000000c7500000, 0x00000000eab00000)
  object space 119808K, 91% used [0x00000000c0000000,0x00000000c6ac6260,0x00000000c7500000)
 Metaspace       used 57024K, committed 57984K, reserved 1114112K
  class space    used 6233K, committed 6656K, reserved 1048576K
}
Event: 23.776 GC heap before
{Heap before GC invocations=60 (full 4):
 PSYoungGen      total 11776K, used 11429K [0x00000000eab00000, 0x00000000eb900000, 0x0000000100000000)
  eden space 9216K, 100% used [0x00000000eab00000,0x00000000eb400000,0x00000000eb400000)
  from space 2560K, 86% used [0x00000000eb400000,0x00000000eb629688,0x00000000eb680000)
  to   space 2560K, 0% used [0x00000000eb680000,0x00000000eb680000,0x00000000eb900000)
 ParOldGen       total 119808K, used 109336K [0x00000000c0000000, 0x00000000c7500000, 0x00000000eab00000)
  object space 119808K, 91% used [0x00000000c0000000,0x00000000c6ac6260,0x00000000c7500000)
 Metaspace       used 57024K, committed 57984K, reserved 1114112K
  class space    used 6233K, committed 6656K, reserved 1048576K
}
Event: 23.779 GC heap after
{Heap after GC invocations=60 (full 4):
 PSYoungGen      total 11776K, used 2232K [0x00000000eab00000, 0x00000000eb900000, 0x0000000100000000)
  eden space 9216K, 0% used [0x00000000eab00000,0x00000000eab00000,0x00000000eb400000)
  from space 2560K, 87% used [0x00000000eb680000,0x00000000eb8ae3c0,0x00000000eb900000)
  to   space 2560K, 0% used [0x00000000eb400000,0x00000000eb400000,0x00000000eb680000)
 ParOldGen       total 119808K, used 111451K [0x00000000c0000000, 0x00000000c7500000, 0x00000000eab00000)
  object space 119808K, 93% used [0x00000000c0000000,0x00000000c6cd6d28,0x00000000c7500000)
 Metaspace       used 57024K, committed 57984K, reserved 1114112K
  class space    used 6233K, committed 6656K, reserved 1048576K
}
Event: 23.802 GC heap before
{Heap before GC invocations=61 (full 4):
 PSYoungGen      total 11776K, used 11448K [0x00000000eab00000, 0x00000000eb900000, 0x0000000100000000)
  eden space 9216K, 100% used [0x00000000eab00000,0x00000000eb400000,0x00000000eb400000)
  from space 2560K, 87% used [0x00000000eb680000,0x00000000eb8ae3c0,0x00000000eb900000)
  to   space 2560K, 0% used [0x00000000eb400000,0x00000000eb400000,0x00000000eb680000)
 ParOldGen       total 119808K, used 111451K [0x00000000c0000000, 0x00000000c7500000, 0x00000000eab00000)
  object space 119808K, 93% used [0x00000000c0000000,0x00000000c6cd6d28,0x00000000c7500000)
 Metaspace       used 57024K, committed 57984K, reserved 1114112K
  class space    used 6233K, committed 6656K, reserved 1048576K
}
Event: 23.805 GC heap after
{Heap after GC invocations=61 (full 4):
 PSYoungGen      total 11776K, used 2097K [0x00000000eab00000, 0x00000000eb900000, 0x0000000100000000)
  eden space 9216K, 0% used [0x00000000eab00000,0x00000000eab00000,0x00000000eb400000)
  from space 2560K, 81% used [0x00000000eb400000,0x00000000eb60c630,0x00000000eb680000)
  to   space 2560K, 0% used [0x00000000eb680000,0x00000000eb680000,0x00000000eb900000)
 ParOldGen       total 119808K, used 113476K [0x00000000c0000000, 0x00000000c7500000, 0x00000000eab00000)
  object space 119808K, 94% used [0x00000000c0000000,0x00000000c6ed1048,0x00000000c7500000)
 Metaspace       used 57024K, committed 57984K, reserved 1114112K
  class space    used 6233K, committed 6656K, reserved 1048576K
}
Event: 23.829 GC heap before
{Heap before GC invocations=62 (full 4):
 PSYoungGen      total 11776K, used 11313K [0x00000000eab00000, 0x00000000eb900000, 0x0000000100000000)
  eden space 9216K, 100% used [0x00000000eab00000,0x00000000eb400000,0x00000000eb400000)
  from space 2560K, 81% used [0x00000000eb400000,0x00000000eb60c630,0x00000000eb680000)
  to   space 2560K, 0% used [0x00000000eb680000,0x00000000eb680000,0x00000000eb900000)
 ParOldGen       total 119808K, used 113476K [0x00000000c0000000, 0x00000000c7500000, 0x00000000eab00000)
  object space 119808K, 94% used [0x00000000c0000000,0x00000000c6ed1048,0x00000000c7500000)
 Metaspace       used 57024K, committed 57984K, reserved 1114112K
  class space    used 6233K, committed 6656K, reserved 1048576K
}
Event: 23.832 GC heap after
{Heap after GC invocations=62 (full 4):
 PSYoungGen      total 11776K, used 2223K [0x00000000eab00000, 0x00000000eb900000, 0x0000000100000000)
  eden space 9216K, 0% used [0x00000000eab00000,0x00000000eab00000,0x00000000eb400000)
  from space 2560K, 86% used [0x00000000eb680000,0x00000000eb8abce0,0x00000000eb900000)
  to   space 2560K, 0% used [0x00000000eb400000,0x00000000eb400000,0x00000000eb680000)
 ParOldGen       total 119808K, used 115497K [0x00000000c0000000, 0x00000000c7500000, 0x00000000eab00000)
  object space 119808K, 96% used [0x00000000c0000000,0x00000000c70ca5d0,0x00000000c7500000)
 Metaspace       used 57024K, committed 57984K, reserved 1114112K
  class space    used 6233K, committed 6656K, reserved 1048576K
}
Event: 23.854 GC heap before
{Heap before GC invocations=63 (full 4):
 PSYoungGen      total 11776K, used 11439K [0x00000000eab00000, 0x00000000eb900000, 0x0000000100000000)
  eden space 9216K, 100% used [0x00000000eab00000,0x00000000eb400000,0x00000000eb400000)
  from space 2560K, 86% used [0x00000000eb680000,0x00000000eb8abce0,0x00000000eb900000)
  to   space 2560K, 0% used [0x00000000eb400000,0x00000000eb400000,0x00000000eb680000)
 ParOldGen       total 119808K, used 115497K [0x00000000c0000000, 0x00000000c7500000, 0x00000000eab00000)
  object space 119808K, 96% used [0x00000000c0000000,0x00000000c70ca5d0,0x00000000c7500000)
 Metaspace       used 57024K, committed 57984K, reserved 1114112K
  class space    used 6233K, committed 6656K, reserved 1048576K
}
Event: 23.858 GC heap after
{Heap after GC invocations=63 (full 4):
 PSYoungGen      total 11776K, used 2265K [0x00000000eab00000, 0x00000000eb900000, 0x0000000100000000)
  eden space 9216K, 0% used [0x00000000eab00000,0x00000000eab00000,0x00000000eb400000)
  from space 2560K, 88% used [0x00000000eb400000,0x00000000eb6365e0,0x00000000eb680000)
  to   space 2560K, 0% used [0x00000000eb680000,0x00000000eb680000,0x00000000eb900000)
 ParOldGen       total 119808K, used 117580K [0x00000000c0000000, 0x00000000c7500000, 0x00000000eab00000)
  object space 119808K, 98% used [0x00000000c0000000,0x00000000c72d32e0,0x00000000c7500000)
 Metaspace       used 57024K, committed 57984K, reserved 1114112K
  class space    used 6233K, committed 6656K, reserved 1048576K
}
Event: 23.879 GC heap before
{Heap before GC invocations=64 (full 4):
 PSYoungGen      total 11776K, used 11481K [0x00000000eab00000, 0x00000000eb900000, 0x0000000100000000)
  eden space 9216K, 100% used [0x00000000eab00000,0x00000000eb400000,0x00000000eb400000)
  from space 2560K, 88% used [0x00000000eb400000,0x00000000eb6365e0,0x00000000eb680000)
  to   space 2560K, 0% used [0x00000000eb680000,0x00000000eb680000,0x00000000eb900000)
 ParOldGen       total 119808K, used 117580K [0x00000000c0000000, 0x00000000c7500000, 0x00000000eab00000)
  object space 119808K, 98% used [0x00000000c0000000,0x00000000c72d32e0,0x00000000c7500000)
 Metaspace       used 57024K, committed 57984K, reserved 1114112K
  class space    used 6233K, committed 6656K, reserved 1048576K
}
Event: 23.882 GC heap after
{Heap after GC invocations=64 (full 4):
 PSYoungGen      total 11776K, used 2388K [0x00000000eab00000, 0x00000000eb900000, 0x0000000100000000)
  eden space 9216K, 0% used [0x00000000eab00000,0x00000000eab00000,0x00000000eb400000)
  from space 2560K, 93% used [0x00000000eb680000,0x00000000eb8d5208,0x00000000eb900000)
  to   space 2560K, 0% used [0x00000000eb400000,0x00000000eb400000,0x00000000eb680000)
 ParOldGen       total 119808K, used 119716K [0x00000000c0000000, 0x00000000c7500000, 0x00000000eab00000)
  object space 119808K, 99% used [0x00000000c0000000,0x00000000c74e93f0,0x00000000c7500000)
 Metaspace       used 57024K, committed 57984K, reserved 1114112K
  class space    used 6233K, committed 6656K, reserved 1048576K
}
Event: 23.882 GC heap before
{Heap before GC invocations=65 (full 5):
 PSYoungGen      total 11776K, used 2388K [0x00000000eab00000, 0x00000000eb900000, 0x0000000100000000)
  eden space 9216K, 0% used [0x00000000eab00000,0x00000000eab00000,0x00000000eb400000)
  from space 2560K, 93% used [0x00000000eb680000,0x00000000eb8d5208,0x00000000eb900000)
  to   space 2560K, 0% used [0x00000000eb400000,0x00000000eb400000,0x00000000eb680000)
 ParOldGen       total 119808K, used 119716K [0x00000000c0000000, 0x00000000c7500000, 0x00000000eab00000)
  object space 119808K, 99% used [0x00000000c0000000,0x00000000c74e93f0,0x00000000c7500000)
 Metaspace       used 57024K, committed 57984K, reserved 1114112K
  class space    used 6233K, committed 6656K, reserved 1048576K
}
Event: 23.941 GC heap after
{Heap after GC invocations=65 (full 5):
 PSYoungGen      total 11776K, used 0K [0x00000000eab00000, 0x00000000eb900000, 0x0000000100000000)
  eden space 9216K, 0% used [0x00000000eab00000,0x00000000eab00000,0x00000000eb400000)
  from space 2560K, 0% used [0x00000000eb400000,0x00000000eb400000,0x00000000eb680000)
  to   space 2560K, 0% used [0x00000000eb680000,0x00000000eb680000,0x00000000eb900000)
 ParOldGen       total 119808K, used 119408K [0x00000000c0000000, 0x00000000c7500000, 0x00000000eab00000)
  object space 119808K, 99% used [0x00000000c0000000,0x00000000c749c3b0,0x00000000c7500000)
 Metaspace       used 57024K, committed 57984K, reserved 1114112K
  class space    used 6233K, committed 6656K, reserved 1048576K
}
Event: 23.983 GC heap before
{Heap before GC invocations=66 (full 6):
 PSYoungGen      total 11776K, used 9216K [0x00000000eab00000, 0x00000000eb900000, 0x0000000100000000)
  eden space 9216K, 100% used [0x00000000eab00000,0x00000000eb400000,0x00000000eb400000)
  from space 2560K, 0% used [0x00000000eb400000,0x00000000eb400000,0x00000000eb680000)
  to   space 2560K, 0% used [0x00000000eb680000,0x00000000eb680000,0x00000000eb900000)
 ParOldGen       total 119808K, used 119408K [0x00000000c0000000, 0x00000000c7500000, 0x00000000eab00000)
  object space 119808K, 99% used [0x00000000c0000000,0x00000000c749c3b0,0x00000000c7500000)
 Metaspace       used 57024K, committed 57984K, reserved 1114112K
  class space    used 6233K, committed 6656K, reserved 1048576K
}
Event: 24.057 GC heap after
{Heap after GC invocations=66 (full 6):
 PSYoungGen      total 11776K, used 1648K [0x00000000eab00000, 0x00000000eba00000, 0x0000000100000000)
  eden space 9216K, 17% used [0x00000000eab00000,0x00000000eac9c008,0x00000000eb400000)
  from space 2560K, 0% used [0x00000000eb680000,0x00000000eb680000,0x00000000eb900000)
  to   space 2560K, 0% used [0x00000000eb400000,0x00000000eb400000,0x00000000eb680000)
 ParOldGen       total 119808K, used 119727K [0x00000000c0000000, 0x00000000c7500000, 0x00000000eab00000)
  object space 119808K, 99% used [0x00000000c0000000,0x00000000c74ebe30,0x00000000c7500000)
 Metaspace       used 57024K, committed 57984K, reserved 1114112K
  class space    used 6233K, committed 6656K, reserved 1048576K
}

